2026-03-18 19:14:50,082 - INFO - \U0001f680 Iniciando o Pipeline de Dados...
2026-03-18 19:14:50,082 - INFO - \U0001f4e5 Iniciando etapa de Extração...
2026-03-18 19:14:50,119 - INFO - \U0001f6e0\ufe0f Iniciando etapa de Transformação...
2026-03-18 19:14:50,152 - INFO - \U0001f4be Iniciando etapa de Carga no DuckDB...
2026-03-18 19:14:50,253 - INFO - \u2705 Pipeline executado com sucesso!
2026-03-18 19:33:57,842 - INFO - \U0001f680 Iniciando o Pipeline de Dados...
2026-03-18 19:33:57,842 - INFO - \U0001f4e5 Iniciando etapa de Extração...
2026-03-18 19:33:57,863 - INFO - \U0001f6e0\ufe0f Iniciando etapa de Transformação...
2026-03-18 19:33:58,302 - INFO - \U0001f4be Iniciando etapa de Carga no DuckDB...
2026-03-18 19:33:58,378 - INFO - \u2705 Pipeline executado com sucesso!
2026-03-19 15:44:30,593 - INFO - \U0001f680 Iniciando o Pipeline de Dados...
2026-03-19 15:44:30,594 - INFO - \U0001f4e5 Iniciando etapa de Extração...
2026-03-19 15:44:30,673 - INFO - \U0001f6e0\ufe0f Iniciando etapa de Transformação...
2026-03-19 15:44:31,387 - INFO - \U0001f4be Iniciando etapa de Carga no DuckDB...
2026-03-19 15:44:31,475 - INFO - \u2705 Pipeline executado com sucesso!
2026-03-19 15:56:20,217 - INFO - \U0001f680 Iniciando o Pipeline de Dados...
2026-03-19 15:56:20,217 - INFO - \U0001f4e5 Iniciando etapa de Extração...
2026-03-19 15:56:20,235 - INFO - \U0001f6e0\ufe0f Iniciando etapa de Transformação...
2026-03-19 15:56:20,600 - ERROR - \U0001f6a8 Ocorreu um erro inesperado: Need to specify at least one of 'labels', 'index' or 'columns'
2026-03-19 15:57:39,694 - INFO - \U0001f680 Iniciando o Pipeline de Dados...
2026-03-19 15:57:39,694 - INFO - \U0001f4e5 Iniciando etapa de Extração...
2026-03-19 15:57:39,712 - INFO - \U0001f6e0\ufe0f Iniciando etapa de Transformação...
2026-03-19 15:57:40,056 - INFO - \U0001f4be Iniciando etapa de Carga no DuckDB...
2026-03-19 15:57:40,116 - INFO - \u2705 Pipeline executado com sucesso!
2026-03-19 15:58:15,150 - INFO - \U0001f680 Iniciando o Pipeline de Dados...
2026-03-19 15:58:15,150 - INFO - \U0001f4e5 Iniciando etapa de Extração...
2026-03-19 15:58:15,167 - INFO - \U0001f6e0\ufe0f Iniciando etapa de Transformação...
2026-03-19 15:58:15,492 - INFO - \U0001f4be Iniciando etapa de Carga no DuckDB...
2026-03-19 15:58:15,555 - INFO - \u2705 Pipeline executado com sucesso!
2026-03-19 16:03:13,886 - INFO - \U0001f680 Iniciando o Pipeline de Dados...
2026-03-19 16:03:13,886 - INFO - \U0001f4e5 Iniciando etapa de Extração...
2026-03-19 16:03:13,904 - INFO - \U0001f6e0\ufe0f Iniciando etapa de Transformação...
2026-03-19 16:03:14,273 - INFO - \U0001f4be Iniciando etapa de Carga no DuckDB...
2026-03-19 16:03:14,346 - INFO - \u2705 Pipeline executado com sucesso!
2026-03-19 16:06:21,384 - INFO - \U0001f680 Iniciando o Pipeline de Dados...
2026-03-19 16:06:21,385 - INFO - \U0001f4e5 Iniciando etapa de Extração...
2026-03-19 16:06:21,402 - INFO - \U0001f6e0\ufe0f Iniciando etapa de Transformação...
2026-03-19 16:06:21,761 - INFO - \U0001f4be Iniciando etapa de Carga no DuckDB...
2026-03-19 16:06:21,823 - INFO - \u2705 Pipeline executado com sucesso!
2026-03-19 16:07:58,818 - INFO - \U0001f680 Iniciando o Pipeline de Dados...
2026-03-19 16:07:58,818 - INFO - \U0001f4e5 Iniciando etapa de Extração...
2026-03-19 16:07:58,835 - INFO - \U0001f6e0\ufe0f Iniciando etapa de Transformação...
2026-03-19 16:07:59,181 - INFO - \U0001f4be Iniciando etapa de Carga no DuckDB...
2026-03-19 16:07:59,246 - INFO - \u2705 Pipeline executado com sucesso!
2026-03-19 16:08:20,039 - INFO - \U0001f680 Iniciando o Pipeline de Dados...
2026-03-19 16:08:20,039 - INFO - \U0001f4e5 Iniciando etapa de Extração...
2026-03-19 16:08:20,057 - INFO - \U0001f6e0\ufe0f Iniciando etapa de Transformação...
2026-03-19 16:08:20,432 - INFO - \U0001f4be Iniciando etapa de Carga no DuckDB...
2026-03-19 16:08:20,503 - INFO - \u2705 Pipeline executado com sucesso!
2026-03-19 16:09:48,133 - INFO - \U0001f680 Iniciando o Pipeline de Dados...
2026-03-19 16:09:48,134 - INFO - \U0001f4e5 Iniciando etapa de Extração...
2026-03-19 16:09:48,150 - INFO - \U0001f6e0\ufe0f Iniciando etapa de Transformação...
2026-03-19 16:09:48,498 - INFO - \U0001f4be Iniciando etapa de Carga no DuckDB...
2026-03-19 16:09:48,556 - INFO - \u2705 Pipeline executado com sucesso!
2026-03-19 16:10:42,385 - INFO - \U0001f680 Iniciando o Pipeline de Dados...
2026-03-19 16:10:42,385 - INFO - \U0001f4e5 Iniciando etapa de Extração...
2026-03-19 16:10:42,402 - INFO - \U0001f6e0\ufe0f Iniciando etapa de Transformação...
2026-03-19 16:10:42,783 - INFO - \U0001f4be Iniciando etapa de Carga no DuckDB...
2026-03-19 16:10:42,860 - ERROR - \U0001f6a8 Ocorreu um erro inesperado: IO Error: Cannot open file "\\?\C:\Users\Claudia\Documents\Indicium\desafio_tecnico\data\processed\lhnauticaldb.duckdb": O arquivo já está sendo usado por outro processo.

File is already open in 
C:\Users\Claudia\AppData\Local\DBeaver\dbeaver.exe (PID 19820)
2026-03-19 16:10:51,203 - INFO - \U0001f680 Iniciando o Pipeline de Dados...
2026-03-19 16:10:51,203 - INFO - \U0001f4e5 Iniciando etapa de Extração...
2026-03-19 16:10:51,220 - INFO - \U0001f6e0\ufe0f Iniciando etapa de Transformação...
2026-03-19 16:10:51,556 - INFO - \U0001f4be Iniciando etapa de Carga no DuckDB...
2026-03-19 16:10:51,615 - INFO - \u2705 Pipeline executado com sucesso!
2026-03-19 16:13:58,649 - INFO - \U0001f680 Iniciando o Pipeline de Dados...
2026-03-19 16:13:58,649 - INFO - \U0001f4e5 Iniciando etapa de Extração...
2026-03-19 16:13:58,668 - INFO - \U0001f6e0\ufe0f Iniciando etapa de Transformação...
2026-03-19 16:13:59,014 - INFO - \U0001f4be Iniciando etapa de Carga no DuckDB...
2026-03-19 16:13:59,105 - INFO - \u2705 Pipeline executado com sucesso!
2026-03-19 16:14:35,398 - INFO - \U0001f680 Iniciando o Pipeline de Dados...
2026-03-19 16:14:35,398 - INFO - \U0001f4e5 Iniciando etapa de Extração...
2026-03-19 16:14:35,415 - INFO - \U0001f6e0\ufe0f Iniciando etapa de Transformação...
2026-03-19 16:14:35,751 - INFO - \U0001f4be Iniciando etapa de Carga no DuckDB...
2026-03-19 16:14:35,812 - INFO - \u2705 Pipeline executado com sucesso!
2026-03-19 17:00:33,415 - INFO - \U0001f680 Iniciando o Pipeline de Dados...
2026-03-19 17:00:33,416 - INFO - \U0001f4e5 Iniciando etapa de Extração...
2026-03-19 17:00:33,456 - INFO - \U0001f6e0\ufe0f Iniciando etapa de Transformação...
2026-03-19 17:00:33,820 - ERROR - \U0001f6a8 Ocorreu um erro inesperado: 'produto'
2026-03-19 17:00:54,857 - INFO - \U0001f680 Iniciando o Pipeline de Dados...
2026-03-19 17:00:54,857 - INFO - \U0001f4e5 Iniciando etapa de Extração...
2026-03-19 17:00:54,874 - INFO - \U0001f6e0\ufe0f Iniciando etapa de Transformação...
2026-03-19 17:00:55,224 - INFO - \U0001f4be Iniciando etapa de Carga no DuckDB...
2026-03-19 17:00:55,291 - INFO - \u2705 Pipeline executado com sucesso!
2026-03-19 17:01:35,852 - INFO - \U0001f680 Iniciando o Pipeline de Dados...
2026-03-19 17:01:35,852 - INFO - \U0001f4e5 Iniciando etapa de Extração...
2026-03-19 17:01:35,870 - INFO - \U0001f6e0\ufe0f Iniciando etapa de Transformação...
2026-03-19 17:01:36,215 - INFO - \U0001f4be Iniciando etapa de Carga no DuckDB...
2026-03-19 17:01:36,272 - INFO - \u2705 Pipeline executado com sucesso!
2026-03-19 17:04:37,750 - INFO - \U0001f680 Iniciando o Pipeline de Dados...
2026-03-19 17:04:37,750 - INFO - \U0001f4e5 Iniciando etapa de Extração...
2026-03-19 17:04:37,768 - INFO - \U0001f6e0\ufe0f Iniciando etapa de Transformação...
2026-03-19 17:04:38,116 - ERROR - \U0001f6a8 Ocorreu um erro inesperado: unsupported format string passed to Series.__format__
2026-03-19 17:05:53,149 - INFO - \U0001f680 Iniciando o Pipeline de Dados...
2026-03-19 17:05:53,149 - INFO - \U0001f4e5 Iniciando etapa de Extração...
2026-03-19 17:05:53,169 - INFO - \U0001f6e0\ufe0f Iniciando etapa de Transformação...
2026-03-19 17:05:53,512 - ERROR - \U0001f6a8 Ocorreu um erro inesperado: unsupported format string passed to Series.__format__
2026-03-19 17:06:27,981 - INFO - \U0001f680 Iniciando o Pipeline de Dados...
2026-03-19 17:06:27,981 - INFO - \U0001f4e5 Iniciando etapa de Extração...
2026-03-19 17:06:27,999 - INFO - \U0001f6e0\ufe0f Iniciando etapa de Transformação...
2026-03-19 17:06:28,367 - INFO - \U0001f4be Iniciando etapa de Carga no DuckDB...
2026-03-19 17:06:28,428 - INFO - \u2705 Pipeline executado com sucesso!
2026-03-19 17:08:53,246 - INFO - \U0001f680 Iniciando o Pipeline de Dados...
2026-03-19 17:08:53,246 - INFO - \U0001f4e5 Iniciando etapa de Extração...
2026-03-19 17:08:53,264 - INFO - \U0001f6e0\ufe0f Iniciando etapa de Transformação...
2026-03-19 17:08:53,634 - INFO - \U0001f4be Iniciando etapa de Carga no DuckDB...
2026-03-19 17:08:53,713 - INFO - \u2705 Pipeline executado com sucesso!
2026-03-19 17:10:04,632 - INFO - \U0001f680 Iniciando o Pipeline de Dados...
2026-03-19 17:10:04,632 - INFO - \U0001f4e5 Iniciando etapa de Extração...
2026-03-19 17:10:04,649 - INFO - \U0001f6e0\ufe0f Iniciando etapa de Transformação...
2026-03-19 17:10:05,002 - INFO - \U0001f4be Iniciando etapa de Carga no DuckDB...
2026-03-19 17:10:05,085 - ERROR - \U0001f6a8 Ocorreu um erro inesperado: IO Error: Cannot open file "\\?\C:\Users\Claudia\Documents\Indicium\desafio_tecnico\data\processed\lhnauticaldb.duckdb": O arquivo já está sendo usado por outro processo.

File is already open in 
C:\Users\Claudia\AppData\Local\DBeaver\dbeaver.exe (PID 456)
2026-03-19 17:10:12,323 - INFO - \U0001f680 Iniciando o Pipeline de Dados...
2026-03-19 17:10:12,323 - INFO - \U0001f4e5 Iniciando etapa de Extração...
2026-03-19 17:10:12,341 - INFO - \U0001f6e0\ufe0f Iniciando etapa de Transformação...
2026-03-19 17:10:12,683 - INFO - \U0001f4be Iniciando etapa de Carga no DuckDB...
2026-03-19 17:10:12,773 - INFO - \u2705 Pipeline executado com sucesso!
2026-03-19 17:20:19,989 - INFO - \U0001f680 Iniciando o Pipeline de Dados...
2026-03-19 17:20:19,989 - INFO - \U0001f4e5 Iniciando etapa de Extração...
2026-03-19 17:20:20,007 - INFO - \U0001f6e0\ufe0f Iniciando etapa de Transformação...
2026-03-19 17:20:20,381 - ERROR - \U0001f6a8 Ocorreu um erro inesperado: 'product_id'
2026-03-19 17:21:27,984 - INFO - \U0001f680 Iniciando o Pipeline de Dados...
2026-03-19 17:21:27,984 - INFO - \U0001f4e5 Iniciando etapa de Extração...
2026-03-19 17:21:28,002 - INFO - \U0001f6e0\ufe0f Iniciando etapa de Transformação...
2026-03-19 17:21:28,351 - ERROR - \U0001f6a8 Ocorreu um erro inesperado: 'product_id'
2026-03-19 17:26:46,747 - INFO - \U0001f680 Iniciando o Pipeline de Dados...
2026-03-19 17:26:46,748 - INFO - \U0001f4e5 Iniciando etapa de Extração...
2026-03-19 17:26:46,765 - INFO - \U0001f6e0\ufe0f Iniciando etapa de Transformação...
2026-03-19 17:26:47,101 - ERROR - \U0001f6a8 Ocorreu um erro inesperado: 'product_id'
2026-03-19 17:27:47,748 - INFO - \U0001f680 Iniciando o Pipeline de Dados...
2026-03-19 17:27:47,749 - INFO - \U0001f4e5 Iniciando etapa de Extração...
2026-03-19 17:27:47,766 - INFO - \U0001f6e0\ufe0f Iniciando etapa de Transformação...
2026-03-19 17:27:48,090 - INFO - \U0001f4be Iniciando etapa de Carga no DuckDB...
2026-03-19 17:27:48,164 - INFO - \u2705 Pipeline executado com sucesso!
2026-03-19 17:30:26,813 - INFO - \U0001f680 Iniciando o Pipeline de Dados...
2026-03-19 17:30:26,813 - INFO - \U0001f4e5 Iniciando etapa de Extração...
2026-03-19 17:30:26,832 - INFO - \U0001f6e0\ufe0f Iniciando etapa de Transformação...
2026-03-19 17:30:27,195 - ERROR - \U0001f6a8 Ocorreu um erro inesperado: 'product_id'
2026-03-19 17:30:53,933 - INFO - \U0001f680 Iniciando o Pipeline de Dados...
2026-03-19 17:30:53,933 - INFO - \U0001f4e5 Iniciando etapa de Extração...
2026-03-19 17:30:53,951 - INFO - \U0001f6e0\ufe0f Iniciando etapa de Transformação...
2026-03-19 17:30:54,285 - INFO - \U0001f4be Iniciando etapa de Carga no DuckDB...
2026-03-19 17:30:54,349 - INFO - \u2705 Pipeline executado com sucesso!
2026-03-19 17:33:09,438 - INFO - \U0001f680 Iniciando o Pipeline de Dados...
2026-03-19 17:33:09,438 - INFO - \U0001f4e5 Iniciando etapa de Extração...
2026-03-19 17:33:09,456 - INFO - \U0001f6e0\ufe0f Iniciando etapa de Transformação...
2026-03-19 17:33:09,810 - ERROR - \U0001f6a8 Ocorreu um erro inesperado: The truth value of a Series is ambiguous. Use a.empty, a.bool(), a.item(), a.any() or a.all().
2026-03-19 17:36:44,701 - INFO - \U0001f680 Iniciando o Pipeline de Dados...
2026-03-19 17:36:44,701 - INFO - \U0001f4e5 Iniciando etapa de Extração...
2026-03-19 17:36:44,718 - INFO - \U0001f6e0\ufe0f Iniciando etapa de Transformação...
2026-03-19 17:36:45,084 - INFO - \U0001f4be Iniciando etapa de Carga no DuckDB...
2026-03-19 17:36:45,142 - INFO - \u2705 Pipeline executado com sucesso!
2026-03-19 17:38:52,165 - INFO - \U0001f680 Iniciando o Pipeline de Dados...
2026-03-19 17:38:52,165 - INFO - \U0001f4e5 Iniciando etapa de Extração...
2026-03-19 17:38:52,184 - INFO - \U0001f6e0\ufe0f Iniciando etapa de Transformação...
2026-03-19 17:38:52,566 - INFO - \U0001f4be Iniciando etapa de Carga no DuckDB...
2026-03-19 17:38:52,626 - INFO - \u2705 Pipeline executado com sucesso!
2026-03-19 17:45:15,588 - INFO - \U0001f680 Iniciando o Pipeline de Dados...
2026-03-19 17:45:15,589 - INFO - \U0001f4e5 Iniciando etapa de Extração...
2026-03-19 17:45:15,606 - INFO - \U0001f6e0\ufe0f Iniciando etapa de Transformação...
2026-03-19 17:45:15,965 - INFO - \U0001f4be Iniciando etapa de Carga no DuckDB...
2026-03-19 17:45:16,026 - INFO - \u2705 Pipeline executado com sucesso!
2026-03-19 19:51:21,694 - INFO - \U0001f680 Iniciando o Pipeline de Dados...
2026-03-19 19:51:21,694 - INFO - \U0001f4e5 Iniciando etapa de Extração...
2026-03-19 19:51:21,712 - INFO - \U0001f6e0\ufe0f Iniciando etapa de Transformação...
2026-03-19 19:51:22,147 - INFO - \U0001f4be Iniciando etapa de Carga no DuckDB...
2026-03-19 19:51:22,228 - INFO - \u2705 Pipeline executado com sucesso!
2026-03-20 13:37:15,802 - INFO - \U0001f680 Iniciando o Pipeline de Dados...
2026-03-20 13:37:15,802 - INFO - \U0001f4e5 Iniciando etapa de Extração...
2026-03-20 13:37:15,867 - INFO - \U0001f6e0\ufe0f Iniciando etapa de Transformação...
2026-03-20 13:37:15,870 - ERROR - \U0001f6a8 Ocorreu um erro inesperado: 'start_date'
2026-03-20 13:39:21,816 - INFO - \U0001f680 Iniciando o Pipeline de Dados...
2026-03-20 13:39:21,816 - INFO - \U0001f4e5 Iniciando etapa de Extração...
2026-03-20 13:39:21,837 - INFO - \U0001f6e0\ufe0f Iniciando etapa de Transformação...
2026-03-20 13:39:21,843 - ERROR - \U0001f6a8 Ocorreu um erro inesperado: time data "15/06/2018" doesn't match format "%m/%d/%Y". You might want to try:
    - passing `format` if your strings have a consistent format;
    - passing `format='ISO8601'` if your strings are all ISO8601 but not necessarily in exactly the same format;
    - passing `format='mixed'`, and the format will be inferred for each element individually. You might want to use `dayfirst` alongside this.
2026-03-20 13:39:40,989 - INFO - \U0001f680 Iniciando o Pipeline de Dados...
2026-03-20 13:39:40,989 - INFO - \U0001f4e5 Iniciando etapa de Extração...
2026-03-20 13:39:41,009 - INFO - \U0001f6e0\ufe0f Iniciando etapa de Transformação...
2026-03-20 13:39:41,012 - ERROR - \U0001f6a8 Ocorreu um erro inesperado: time data "15/06/2018" doesn't match format "%m/%d/%Y". You might want to try:
    - passing `format` if your strings have a consistent format;
    - passing `format='ISO8601'` if your strings are all ISO8601 but not necessarily in exactly the same format;
    - passing `format='mixed'`, and the format will be inferred for each element individually. You might want to use `dayfirst` alongside this.
2026-03-20 13:40:08,938 - INFO - \U0001f680 Iniciando o Pipeline de Dados...
2026-03-20 13:40:08,938 - INFO - \U0001f4e5 Iniciando etapa de Extração...
2026-03-20 13:40:08,957 - INFO - \U0001f6e0\ufe0f Iniciando etapa de Transformação...
2026-03-20 13:40:08,969 - ERROR - \U0001f6a8 Ocorreu um erro inesperado: 'TransformadorDados' object has no attribute 'buscar_dolar_historico'
2026-03-20 13:40:48,287 - INFO - \U0001f680 Iniciando o Pipeline de Dados...
2026-03-20 13:40:48,287 - INFO - \U0001f4e5 Iniciando etapa de Extração...
2026-03-20 13:40:48,304 - INFO - \U0001f6e0\ufe0f Iniciando etapa de Transformação...
2026-03-20 13:40:48,310 - ERROR - \U0001f6a8 Ocorreu um erro inesperado: 'TransformadorDados' object has no attribute 'buscar_dolar_historico'
2026-03-20 13:43:24,217 - INFO - \U0001f680 Iniciando o Pipeline de Dados...
2026-03-20 13:43:24,217 - INFO - \U0001f4e5 Iniciando etapa de Extração...
2026-03-20 13:43:24,235 - INFO - \U0001f6e0\ufe0f Iniciando etapa de Transformação...
2026-03-20 13:44:46,275 - INFO - \U0001f680 Iniciando o Pipeline de Dados...
2026-03-20 13:44:46,275 - INFO - \U0001f4e5 Iniciando etapa de Extração...
2026-03-20 13:44:46,292 - INFO - \U0001f6e0\ufe0f Iniciando etapa de Transformação...
2026-03-20 13:45:23,378 - INFO - \U0001f680 Iniciando o Pipeline de Dados...
2026-03-20 13:45:23,378 - INFO - \U0001f4e5 Iniciando etapa de Extração...
2026-03-20 13:45:23,395 - INFO - \U0001f6e0\ufe0f Iniciando etapa de Transformação...
2026-03-20 13:45:59,555 - INFO - \U0001f680 Iniciando o Pipeline de Dados...
2026-03-20 13:45:59,555 - INFO - \U0001f4e5 Iniciando etapa de Extração...
2026-03-20 13:45:59,575 - INFO - \U0001f6e0\ufe0f Iniciando etapa de Transformação...
2026-03-20 13:46:29,073 - INFO - \U0001f680 Iniciando o Pipeline de Dados...
2026-03-20 13:46:29,073 - INFO - \U0001f4e5 Iniciando etapa de Extração...
2026-03-20 13:46:29,092 - INFO - \U0001f6e0\ufe0f Iniciando etapa de Transformação...
2026-03-20 13:48:05,150 - INFO - \U0001f680 Iniciando o Pipeline de Dados...
2026-03-20 13:48:05,150 - INFO - \U0001f4e5 Iniciando etapa de Extração...
2026-03-20 13:48:05,169 - INFO - \U0001f6e0\ufe0f Iniciando etapa de Transformação...
2026-03-20 13:50:38,701 - INFO - \U0001f680 Iniciando o Pipeline de Dados...
2026-03-20 13:50:38,701 - INFO - \U0001f4e5 Iniciando etapa de Extração...
2026-03-20 13:50:38,719 - INFO - \U0001f6e0\ufe0f Iniciando etapa de Transformação...
2026-03-20 13:57:11,491 - ERROR - \U0001f6a8 Ocorreu um erro inesperado: TransformadorDados.limpar_custos_importacoes() got an unexpected keyword argument 'mapa_dolar'
2026-03-20 13:58:31,174 - INFO - \U0001f680 Iniciando o Pipeline de Dados...
2026-03-20 13:58:31,174 - INFO - \U0001f4e5 Iniciando etapa de Extração...
2026-03-20 13:58:31,194 - INFO - \U0001f6e0\ufe0f Iniciando etapa de Transformação...
2026-03-20 14:03:36,754 - INFO - \U0001f4be Iniciando etapa de Carga no DuckDB...
2026-03-20 14:03:36,924 - INFO - \u2705 Pipeline executado com sucesso!
2026-03-20 14:09:00,571 - INFO - \U0001f680 Iniciando o Pipeline de Dados...
2026-03-20 14:09:00,571 - INFO - \U0001f4e5 Iniciando etapa de Extração...
2026-03-20 14:09:00,589 - INFO - \U0001f6e0\ufe0f Iniciando etapa de Transformação...
2026-03-20 14:09:50,638 - INFO - \U0001f680 Iniciando o Pipeline de Dados...
2026-03-20 14:09:50,638 - INFO - \U0001f4e5 Iniciando etapa de Extração...
2026-03-20 14:09:50,655 - INFO - \U0001f6e0\ufe0f Iniciando etapa de Transformação...
2026-03-20 14:20:10,955 - INFO - \U0001f4be Iniciando etapa de Carga no DuckDB...
2026-03-20 14:20:11,015 - INFO - \u2705 Pipeline executado com sucesso!
2026-03-21 17:13:41,888 - INFO - \U0001f680 Iniciando o Pipeline de Dados...
2026-03-21 17:13:41,889 - INFO - \U0001f4e5 Iniciando etapa de Extração...
2026-03-21 17:13:42,007 - INFO - \U0001f6e0\ufe0f Iniciando etapa de Transformação...
2026-03-21 17:24:33,800 - INFO - \U0001f4be Iniciando etapa de Carga no DuckDB...
2026-03-21 17:24:33,887 - ERROR - \U0001f6a8 Ocorreu um erro inesperado: IO Error: Cannot open file "\\?\C:\Users\Claudia\Documents\Indicium\desafio_tecnico\data\processed\lhnauticaldb.duckdb": O arquivo já está sendo usado por outro processo.

File is already open in 
C:\Users\Claudia\AppData\Local\DBeaver\dbeaver.exe (PID 11944)
2026-03-21 17:27:52,030 - INFO - \U0001f680 Iniciando o Pipeline de Dados...
2026-03-21 17:27:52,031 - INFO - \U0001f4e5 Iniciando etapa de Extração...
2026-03-21 17:27:52,048 - INFO - \U0001f6e0\ufe0f Iniciando etapa de Transformação...
2026-03-21 17:38:03,746 - INFO - \U0001f9e0 Iniciando processamento de Machine Learning...
2026-03-21 17:38:03,753 - ERROR - \U0001f6a8 Ocorreu um erro inesperado: 'quantidade'
2026-03-21 17:41:31,829 - INFO - \U0001f680 Iniciando o Pipeline de Dados...
2026-03-21 17:41:31,830 - INFO - \U0001f4e5 Iniciando etapa de Extração...
2026-03-21 17:41:31,847 - INFO - \U0001f6e0\ufe0f Iniciando etapa de Transformação...
2026-03-21 17:41:31,867 - INFO - \u26a1 Banco detectado! Pulando processamento pesado do dólar e lendo tabela pronta...
2026-03-21 17:41:31,946 - INFO - \U0001f9e0 Iniciando processamento de Machine Learning...
2026-03-21 17:41:31,952 - ERROR - \U0001f6a8 Ocorreu um erro inesperado: 'quantidade'
2026-03-21 17:44:24,242 - INFO - \U0001f680 Iniciando o Pipeline de Dados...
2026-03-21 17:44:24,242 - INFO - \U0001f4e5 Iniciando etapa de Extração...
2026-03-21 17:44:24,263 - INFO - \U0001f6e0\ufe0f Iniciando etapa de Transformação...
2026-03-21 17:44:24,283 - INFO - \u26a1 Banco detectado! Pulando processamento pesado do dólar e lendo tabela pronta...
2026-03-21 17:44:24,309 - INFO - \U0001f9e0 Iniciando processamento de Machine Learning...
2026-03-21 17:44:24,309 - INFO - Colunas disponíveis em vendas: ['id_vendas', 'id_cliente', 'id_produto', 'qtd', 'total', 'data_venda']
2026-03-21 17:44:24,314 - ERROR - \U0001f6a8 Ocorreu um erro inesperado: 'qtde_vendas'
2026-03-21 17:44:43,850 - INFO - \U0001f680 Iniciando o Pipeline de Dados...
2026-03-21 17:44:43,850 - INFO - \U0001f4e5 Iniciando etapa de Extração...
2026-03-21 17:44:43,871 - INFO - \U0001f6e0\ufe0f Iniciando etapa de Transformação...
2026-03-21 17:44:43,890 - INFO - \u26a1 Banco detectado! Pulando processamento pesado do dólar e lendo tabela pronta...
2026-03-21 17:44:43,917 - INFO - \U0001f9e0 Iniciando processamento de Machine Learning...
2026-03-21 17:44:44,212 - ERROR - \U0001f6a8 Ocorreu um erro inesperado: 'quantidade'
2026-03-21 17:45:35,881 - INFO - \U0001f680 Iniciando o Pipeline de Dados...
2026-03-21 17:45:35,881 - INFO - \U0001f4e5 Iniciando etapa de Extração...
2026-03-21 17:45:35,901 - INFO - \U0001f6e0\ufe0f Iniciando etapa de Transformação...
2026-03-21 17:45:35,922 - INFO - \u26a1 Banco detectado! Pulando processamento pesado do dólar e lendo tabela pronta...
2026-03-21 17:45:35,951 - INFO - \U0001f9e0 Iniciando processamento de Machine Learning...
2026-03-21 17:45:36,235 - ERROR - \U0001f6a8 Ocorreu um erro inesperado: 'quantidade'
2026-03-21 17:45:46,442 - INFO - \U0001f680 Iniciando o Pipeline de Dados...
2026-03-21 17:45:46,443 - INFO - \U0001f4e5 Iniciando etapa de Extração...
2026-03-21 17:45:46,462 - INFO - \U0001f6e0\ufe0f Iniciando etapa de Transformação...
2026-03-21 17:45:46,481 - INFO - \u26a1 Banco detectado! Pulando processamento pesado do dólar e lendo tabela pronta...
2026-03-21 17:45:46,508 - INFO - \U0001f9e0 Iniciando processamento de Machine Learning...
2026-03-21 17:45:46,794 - ERROR - \U0001f6a8 Ocorreu um erro inesperado: 'quantidade'
2026-03-21 17:46:02,783 - INFO - \U0001f680 Iniciando o Pipeline de Dados...
2026-03-21 17:46:02,783 - INFO - \U0001f4e5 Iniciando etapa de Extração...
2026-03-21 17:46:02,804 - INFO - \U0001f6e0\ufe0f Iniciando etapa de Transformação...
2026-03-21 17:46:02,826 - INFO - \u26a1 Banco detectado! Pulando processamento pesado do dólar e lendo tabela pronta...
2026-03-21 17:46:02,853 - INFO - \U0001f9e0 Iniciando processamento de Machine Learning...
2026-03-21 17:46:03,150 - ERROR - \U0001f6a8 Ocorreu um erro inesperado: 'nome_produto'
2026-03-21 17:47:57,069 - INFO - \U0001f680 Iniciando o Pipeline de Dados...
2026-03-21 17:47:57,069 - INFO - \U0001f4e5 Iniciando etapa de Extração...
2026-03-21 17:47:57,086 - INFO - \U0001f6e0\ufe0f Iniciando etapa de Transformação...
2026-03-21 17:47:57,108 - INFO - \u26a1 Banco detectado! Pulando processamento pesado do dólar e lendo tabela pronta...
2026-03-21 17:47:57,134 - INFO - \U0001f9e0 Iniciando processamento de Machine Learning...
2026-03-21 17:47:57,443 - INFO - \U0001f4be Iniciando etapa de Carga no DuckDB...
2026-03-21 17:47:57,468 - INFO - Tabela 'produtos' recriada com sucesso (Replace).
2026-03-21 17:47:57,471 - INFO - Tabela 'clientes' recriada com sucesso (Replace).
2026-03-21 17:47:57,475 - INFO - Tabela 'custo_importacoes' recriada com sucesso (Replace).
2026-03-21 17:47:57,482 - INFO - Tabela 'vendas' recriada com sucesso (Replace).
2026-03-21 17:47:57,487 - ERROR - Erro ao carregar a tabela ia_previsao_demanda: Invalid Input Error: Python Object "df" of type "RandomForestRegressor" found on line "C:\Users\Claudia\Documents\Indicium\desafio_tecnico\src\load.py:20" not suitable for replacement scans.
Make sure that "df" is either a pandas.DataFrame, duckdb.DuckDBPyRelation, pyarrow Table, Dataset, RecordBatchReader, Scanner, or NumPy ndarrays with supported format
2026-03-21 17:47:57,487 - ERROR - \U0001f6a8 Ocorreu um erro inesperado: Invalid Input Error: Python Object "df" of type "RandomForestRegressor" found on line "C:\Users\Claudia\Documents\Indicium\desafio_tecnico\src\load.py:20" not suitable for replacement scans.
Make sure that "df" is either a pandas.DataFrame, duckdb.DuckDBPyRelation, pyarrow Table, Dataset, RecordBatchReader, Scanner, or NumPy ndarrays with supported format
2026-03-21 17:49:56,618 - INFO - \U0001f680 Iniciando o Pipeline de Dados...
2026-03-21 17:49:56,618 - INFO - \U0001f4e5 Iniciando etapa de Extração...
2026-03-21 17:49:56,635 - INFO - \U0001f6e0\ufe0f Iniciando etapa de Transformação...
2026-03-21 17:49:56,656 - INFO - \u26a1 Banco detectado! Pulando processamento pesado do dólar e lendo tabela pronta...
2026-03-21 17:49:56,683 - INFO - \U0001f9e0 Iniciando processamento de Machine Learning...
2026-03-21 17:49:57,080 - INFO - \U0001f4be Iniciando etapa de Carga no DuckDB...
2026-03-21 17:49:57,097 - INFO - Tabela 'produtos' recriada com sucesso (Replace).
2026-03-21 17:49:57,100 - INFO - Tabela 'clientes' recriada com sucesso (Replace).
2026-03-21 17:49:57,104 - INFO - Tabela 'custo_importacoes' recriada com sucesso (Replace).
2026-03-21 17:49:57,112 - INFO - Tabela 'vendas' recriada com sucesso (Replace).
2026-03-21 17:49:57,117 - INFO - Tabela 'ia_previsao_demanda' recriada com sucesso (Replace).
2026-03-21 17:49:57,132 - INFO - Tabela 'ia_matriz_recomendacoes' recriada com sucesso (Replace).
2026-03-21 17:49:57,199 - INFO - \u2705 Pipeline executado com sucesso!
2026-03-21 18:11:23,409 - INFO - \U0001f680 Iniciando o Pipeline de Dados...
2026-03-21 18:11:23,409 - INFO - \U0001f4e5 Iniciando etapa de Extração...
2026-03-21 18:11:23,428 - INFO - \U0001f6e0\ufe0f Iniciando etapa de Transformação...
2026-03-21 18:11:23,446 - INFO - \u26a1 Banco detectado! Pulando processamento pesado do dólar e lendo tabela pronta...
2026-03-21 18:11:23,473 - INFO - \U0001f9e0 Iniciando processamento de Machine Learning...
2026-03-21 18:11:23,851 - INFO - \U0001f4be Iniciando etapa de Carga no DuckDB...
2026-03-21 18:11:23,871 - INFO - Tabela 'produtos' recriada com sucesso (Replace).
2026-03-21 18:11:23,874 - INFO - Tabela 'clientes' recriada com sucesso (Replace).
2026-03-21 18:11:23,877 - INFO - Tabela 'custo_importacoes' recriada com sucesso (Replace).
2026-03-21 18:11:23,884 - INFO - Tabela 'vendas' recriada com sucesso (Replace).
2026-03-21 18:11:23,889 - INFO - Tabela 'ia_previsao_demanda' recriada com sucesso (Replace).
2026-03-21 18:11:23,906 - INFO - Tabela 'ia_matriz_recomendacoes' recriada com sucesso (Replace).
2026-03-21 18:11:23,977 - INFO - \u2705 Pipeline executado com sucesso!
2026-03-21 18:12:14,481 - INFO - \U0001f680 Iniciando o Pipeline de Dados...
2026-03-21 18:12:14,482 - INFO - \U0001f4e5 Iniciando etapa de Extração...
2026-03-21 18:12:14,500 - INFO - \U0001f6e0\ufe0f Iniciando etapa de Transformação...
2026-03-21 18:12:14,518 - INFO - \u26a1 Banco detectado! Pulando processamento pesado do dólar e lendo tabela pronta...
2026-03-21 18:12:14,546 - INFO - \U0001f9e0 Iniciando processamento de Machine Learning...
2026-03-21 18:12:14,931 - INFO - \U0001f4be Iniciando etapa de Carga no DuckDB...
2026-03-21 18:12:14,952 - INFO - Tabela 'produtos' recriada com sucesso (Replace).
2026-03-21 18:12:14,955 - INFO - Tabela 'clientes' recriada com sucesso (Replace).
2026-03-21 18:12:14,958 - INFO - Tabela 'custo_importacoes' recriada com sucesso (Replace).
2026-03-21 18:12:14,965 - INFO - Tabela 'vendas' recriada com sucesso (Replace).
2026-03-21 18:12:14,969 - INFO - Tabela 'ia_previsao_demanda' recriada com sucesso (Replace).
2026-03-21 18:12:14,984 - INFO - Tabela 'ia_matriz_recomendacoes' recriada com sucesso (Replace).
2026-03-21 18:12:15,063 - INFO - \u2705 Pipeline executado com sucesso!
2026-03-21 18:14:35,313 - INFO - \U0001f680 Iniciando o Pipeline de Dados...
2026-03-21 18:14:35,313 - INFO - \U0001f4e5 Iniciando etapa de Extração...
2026-03-21 18:14:35,331 - INFO - \U0001f6e0\ufe0f Iniciando etapa de Transformação...
2026-03-21 18:14:35,349 - INFO - \u26a1 Banco detectado! Pulando processamento pesado do dólar e lendo tabela pronta...
2026-03-21 18:14:35,376 - INFO - \U0001f9e0 Iniciando processamento de Machine Learning...
2026-03-21 18:14:35,752 - INFO - \U0001f4be Iniciando etapa de Carga no DuckDB...
2026-03-21 18:14:35,775 - INFO - Tabela 'produtos' recriada com sucesso (Replace).
2026-03-21 18:14:35,783 - INFO - Tabela 'clientes' recriada com sucesso (Replace).
2026-03-21 18:14:35,795 - INFO - Tabela 'custo_importacoes' recriada com sucesso (Replace).
2026-03-21 18:14:35,805 - INFO - Tabela 'vendas' recriada com sucesso (Replace).
2026-03-21 18:14:35,813 - INFO - Tabela 'ia_previsao_demanda' recriada com sucesso (Replace).
2026-03-21 18:14:35,833 - INFO - Tabela 'ia_matriz_recomendacoes' recriada com sucesso (Replace).
2026-03-21 18:14:35,923 - INFO - \u2705 Pipeline executado com sucesso!
2026-03-21 18:15:12,881 - INFO - \U0001f680 Iniciando o Pipeline de Dados...
2026-03-21 18:15:12,882 - INFO - \U0001f4e5 Iniciando etapa de Extração...
2026-03-21 18:15:12,902 - INFO - \U0001f6e0\ufe0f Iniciando etapa de Transformação...
2026-03-21 18:15:12,921 - INFO - \u26a1 Banco detectado! Pulando processamento pesado do dólar e lendo tabela pronta...
2026-03-21 18:15:12,958 - INFO - \U0001f9e0 Iniciando processamento de Machine Learning...
2026-03-21 18:15:13,342 - INFO - \U0001f4be Iniciando etapa de Carga no DuckDB...
2026-03-21 18:15:13,362 - INFO - Tabela 'produtos' recriada com sucesso (Replace).
2026-03-21 18:15:13,365 - INFO - Tabela 'clientes' recriada com sucesso (Replace).
2026-03-21 18:15:13,368 - INFO - Tabela 'custo_importacoes' recriada com sucesso (Replace).
2026-03-21 18:15:13,375 - INFO - Tabela 'vendas' recriada com sucesso (Replace).
2026-03-21 18:15:13,380 - INFO - Tabela 'ia_previsao_demanda' recriada com sucesso (Replace).
2026-03-21 18:15:13,394 - INFO - Tabela 'ia_matriz_recomendacoes' recriada com sucesso (Replace).
2026-03-21 18:15:13,466 - INFO - \u2705 Pipeline executado com sucesso!
2026-03-21 18:16:01,020 - INFO - \U0001f680 Iniciando o Pipeline de Dados...
2026-03-21 18:16:01,020 - INFO - \U0001f4e5 Iniciando etapa de Extração...
2026-03-21 18:16:01,037 - INFO - \U0001f6e0\ufe0f Iniciando etapa de Transformação...
2026-03-21 18:16:01,055 - INFO - \u26a1 Banco detectado! Pulando processamento pesado do dólar e lendo tabela pronta...
2026-03-21 18:16:01,082 - INFO - \U0001f9e0 Iniciando processamento de Machine Learning...
2026-03-21 18:16:01,465 - INFO - \U0001f4be Iniciando etapa de Carga no DuckDB...
2026-03-21 18:16:01,485 - INFO - Tabela 'produtos' recriada com sucesso (Replace).
2026-03-21 18:16:01,487 - INFO - Tabela 'clientes' recriada com sucesso (Replace).
2026-03-21 18:16:01,490 - INFO - Tabela 'custo_importacoes' recriada com sucesso (Replace).
2026-03-21 18:16:01,498 - INFO - Tabela 'vendas' recriada com sucesso (Replace).
2026-03-21 18:16:01,503 - INFO - Tabela 'ia_previsao_demanda' recriada com sucesso (Replace).
2026-03-21 18:16:01,517 - INFO - Tabela 'ia_matriz_recomendacoes' recriada com sucesso (Replace).
2026-03-21 18:16:01,592 - INFO - \u2705 Pipeline executado com sucesso!
2026-03-21 18:25:16,254 - INFO - \U0001f680 Iniciando o Pipeline de Dados...
2026-03-21 18:25:16,255 - INFO - \U0001f4e5 Iniciando etapa de Extração...
2026-03-21 18:25:16,270 - INFO - \U0001f6e0\ufe0f Iniciando etapa de Transformação...
2026-03-21 18:25:16,288 - INFO - \u26a1 Banco detectado! Pulando processamento pesado do dólar e lendo tabela pronta...
2026-03-21 18:25:16,315 - INFO - \U0001f9e0 Iniciando processamento de Machine Learning...
2026-03-21 18:25:16,697 - INFO - \U0001f4be Iniciando etapa de Carga no DuckDB...
2026-03-21 18:25:16,717 - INFO - Tabela 'produtos' recriada com sucesso (Replace).
2026-03-21 18:25:16,719 - INFO - Tabela 'clientes' recriada com sucesso (Replace).
2026-03-21 18:25:16,722 - INFO - Tabela 'custo_importacoes' recriada com sucesso (Replace).
2026-03-21 18:25:16,729 - INFO - Tabela 'vendas' recriada com sucesso (Replace).
2026-03-21 18:25:16,733 - INFO - Tabela 'ia_previsao_demanda' recriada com sucesso (Replace).
2026-03-21 18:25:16,748 - INFO - Tabela 'ia_matriz_recomendacoes' recriada com sucesso (Replace).
2026-03-21 18:25:16,818 - INFO - \u2705 Pipeline executado com sucesso!
2026-03-21 18:25:43,944 - INFO - \U0001f680 Iniciando o Pipeline de Dados...
2026-03-21 18:25:43,944 - INFO - \U0001f4e5 Iniciando etapa de Extração...
2026-03-21 18:25:43,962 - INFO - \U0001f6e0\ufe0f Iniciando etapa de Transformação...
2026-03-21 18:25:43,981 - INFO - \u26a1 Banco detectado! Pulando processamento pesado do dólar e lendo tabela pronta...
2026-03-21 18:25:44,011 - INFO - \U0001f9e0 Iniciando processamento de Machine Learning...
2026-03-21 18:25:44,391 - INFO - \U0001f4be Iniciando etapa de Carga no DuckDB...
2026-03-21 18:25:44,413 - INFO - Tabela 'produtos' recriada com sucesso (Replace).
2026-03-21 18:25:44,416 - INFO - Tabela 'clientes' recriada com sucesso (Replace).
2026-03-21 18:25:44,419 - INFO - Tabela 'custo_importacoes' recriada com sucesso (Replace).
2026-03-21 18:25:44,427 - INFO - Tabela 'vendas' recriada com sucesso (Replace).
2026-03-21 18:25:44,432 - INFO - Tabela 'ia_previsao_demanda' recriada com sucesso (Replace).
2026-03-21 18:25:44,448 - INFO - Tabela 'ia_matriz_recomendacoes' recriada com sucesso (Replace).
2026-03-21 18:25:44,526 - INFO - \u2705 Pipeline executado com sucesso!
2026-03-21 18:26:29,135 - INFO - \U0001f680 Iniciando o Pipeline de Dados...
2026-03-21 18:26:29,135 - INFO - \U0001f4e5 Iniciando etapa de Extração...
2026-03-21 18:26:29,154 - INFO - \U0001f6e0\ufe0f Iniciando etapa de Transformação...
2026-03-21 18:26:29,172 - INFO - \u26a1 Banco detectado! Pulando processamento pesado do dólar e lendo tabela pronta...
2026-03-21 18:26:29,199 - INFO - \U0001f9e0 Iniciando processamento de Machine Learning...
2026-03-21 18:26:29,576 - INFO - \U0001f4be Iniciando etapa de Carga no DuckDB...
2026-03-21 18:26:29,596 - INFO - Tabela 'produtos' recriada com sucesso (Replace).
2026-03-21 18:26:29,598 - INFO - Tabela 'clientes' recriada com sucesso (Replace).
2026-03-21 18:26:29,601 - INFO - Tabela 'custo_importacoes' recriada com sucesso (Replace).
2026-03-21 18:26:29,608 - INFO - Tabela 'vendas' recriada com sucesso (Replace).
2026-03-21 18:26:29,612 - INFO - Tabela 'ia_previsao_demanda' recriada com sucesso (Replace).
2026-03-21 18:26:29,627 - INFO - Tabela 'ia_matriz_recomendacoes' recriada com sucesso (Replace).
2026-03-21 18:26:29,699 - INFO - \u2705 Pipeline executado com sucesso!
2026-03-21 18:27:38,489 - INFO - \U0001f680 Iniciando o Pipeline de Dados...
2026-03-21 18:27:38,490 - INFO - \U0001f4e5 Iniciando etapa de Extração...
2026-03-21 18:27:38,507 - INFO - \U0001f6e0\ufe0f Iniciando etapa de Transformação...
2026-03-21 18:27:38,525 - INFO - \u26a1 Banco detectado! Pulando processamento pesado do dólar e lendo tabela pronta...
2026-03-21 18:27:38,552 - INFO - \U0001f9e0 Iniciando processamento de Machine Learning...
2026-03-21 18:27:38,929 - INFO - \U0001f4be Iniciando etapa de Carga no DuckDB...
2026-03-21 18:27:38,949 - INFO - Tabela 'produtos' recriada com sucesso (Replace).
2026-03-21 18:27:38,952 - INFO - Tabela 'clientes' recriada com sucesso (Replace).
2026-03-21 18:27:38,955 - INFO - Tabela 'custo_importacoes' recriada com sucesso (Replace).
2026-03-21 18:27:38,962 - INFO - Tabela 'vendas' recriada com sucesso (Replace).
2026-03-21 18:27:38,967 - INFO - Tabela 'ia_previsao_demanda' recriada com sucesso (Replace).
2026-03-21 18:27:38,981 - INFO - Tabela 'ia_matriz_recomendacoes' recriada com sucesso (Replace).
2026-03-21 18:27:39,050 - INFO - \u2705 Pipeline executado com sucesso!
2026-03-21 18:27:39,051 - INFO - \U0001f4ca Gerando painéis visuais a partir do banco atualizado...
2026-03-21 18:27:41,199 - INFO - \U0001f3a8 Todas as imagens foram salvas na pasta: data/visualizations
2026-03-21 18:27:41,199 - INFO - \u2705 Pipeline executado com sucesso!
2026-03-21 20:26:24,082 - INFO - \U0001f680 Iniciando o Pipeline de Dados...
2026-03-21 20:26:24,082 - INFO - \U0001f4e5 Iniciando etapa de Extração...
2026-03-21 20:26:24,099 - INFO - \U0001f6e0\ufe0f Iniciando etapa de Transformação...
2026-03-21 20:26:24,118 - INFO - \u26a1 Banco detectado! Pulando processamento pesado do dólar e lendo tabela pronta...
2026-03-21 20:26:24,146 - INFO - \U0001f9e0 Iniciando processamento de Machine Learning...
2026-03-21 20:26:24,528 - INFO - \U0001f4be Iniciando etapa de Carga no DuckDB...
2026-03-21 20:26:24,550 - INFO - Tabela 'produtos' recriada com sucesso (Replace).
2026-03-21 20:26:24,553 - INFO - Tabela 'clientes' recriada com sucesso (Replace).
2026-03-21 20:26:24,556 - INFO - Tabela 'custo_importacoes' recriada com sucesso (Replace).
2026-03-21 20:26:24,563 - INFO - Tabela 'vendas' recriada com sucesso (Replace).
2026-03-21 20:26:24,568 - INFO - Tabela 'ia_previsao_demanda' recriada com sucesso (Replace).
2026-03-21 20:26:24,582 - INFO - Tabela 'ia_matriz_recomendacoes' recriada com sucesso (Replace).
2026-03-21 20:26:24,650 - INFO - \u2705 Pipeline executado com sucesso!
2026-03-21 20:26:24,650 - INFO - \U0001f4ca Gerando painéis visuais a partir do banco atualizado...
2026-03-21 20:26:26,742 - INFO - \U0001f3a8 Todas as imagens foram salvas na pasta: data/visualizations
2026-03-21 20:26:26,742 - INFO - \u2705 Pipeline executado com sucesso!
2026-03-21 20:31:27,749 - INFO - \U0001f680 Iniciando o Pipeline de Dados...
2026-03-21 20:31:27,749 - INFO - \U0001f4e5 Iniciando etapa de Extração...
2026-03-21 20:31:27,767 - INFO - \U0001f6e0\ufe0f Iniciando etapa de Transformação...
2026-03-21 20:31:27,785 - INFO - \u26a1 Banco detectado! Pulando processamento pesado do dólar e lendo tabela pronta...
2026-03-21 20:31:27,813 - INFO - \U0001f9e0 Iniciando processamento de Machine Learning...
2026-03-21 20:31:28,202 - INFO - \U0001f4be Iniciando etapa de Carga no DuckDB...
2026-03-21 20:31:28,222 - INFO - Tabela 'produtos' recriada com sucesso (Replace).
2026-03-21 20:31:28,225 - INFO - Tabela 'clientes' recriada com sucesso (Replace).
2026-03-21 20:31:28,228 - INFO - Tabela 'custo_importacoes' recriada com sucesso (Replace).
2026-03-21 20:31:28,235 - INFO - Tabela 'vendas' recriada com sucesso (Replace).
2026-03-21 20:31:28,240 - INFO - Tabela 'ia_previsao_demanda' recriada com sucesso (Replace).
2026-03-21 20:31:28,256 - INFO - Tabela 'ia_matriz_recomendacoes' recriada com sucesso (Replace).
2026-03-21 20:31:28,324 - INFO - \u2705 Pipeline executado com sucesso!
2026-03-21 20:31:28,324 - INFO - \U0001f4ca Gerando painéis visuais a partir do banco atualizado...
2026-03-21 20:31:30,401 - INFO - \U0001f3a8 Todas as imagens foram salvas na pasta: data/visualizations
2026-03-21 20:31:30,401 - INFO - \u2705 Pipeline executado com sucesso!
2026-03-21 20:35:43,249 - INFO - \U0001f680 Iniciando o Pipeline de Dados...
2026-03-21 20:35:43,249 - INFO - \U0001f4e5 Iniciando etapa de Extração...
2026-03-21 20:35:43,266 - INFO - \U0001f6e0\ufe0f Iniciando etapa de Transformação...
2026-03-21 20:35:43,284 - INFO - \u26a1 Banco detectado! Pulando processamento pesado do dólar e lendo tabela pronta...
2026-03-21 20:35:43,312 - INFO - \U0001f9e0 Iniciando processamento de Machine Learning...
2026-03-21 20:35:43,693 - INFO - \U0001f4be Iniciando etapa de Carga no DuckDB...
2026-03-21 20:35:43,714 - INFO - Tabela 'produtos' recriada com sucesso (Replace).
2026-03-21 20:35:43,716 - INFO - Tabela 'clientes' recriada com sucesso (Replace).
2026-03-21 20:35:43,719 - INFO - Tabela 'custo_importacoes' recriada com sucesso (Replace).
2026-03-21 20:35:43,726 - INFO - Tabela 'vendas' recriada com sucesso (Replace).
2026-03-21 20:35:43,730 - INFO - Tabela 'ia_previsao_demanda' recriada com sucesso (Replace).
2026-03-21 20:35:43,744 - INFO - Tabela 'ia_matriz_recomendacoes' recriada com sucesso (Replace).
2026-03-21 20:35:43,812 - INFO - \u2705 Pipeline executado com sucesso!
2026-03-21 20:35:43,812 - INFO - \U0001f4ca Gerando painéis visuais a partir do banco atualizado...
2026-03-21 20:35:45,941 - INFO - \U0001f3a8 Todas as imagens foram salvas na pasta: data/visualizations
2026-03-21 20:35:45,941 - INFO - \u2705 Pipeline executado com sucesso!
2026-03-21 20:36:51,931 - INFO - \U0001f680 Iniciando o Pipeline de Dados...
2026-03-21 20:36:51,931 - INFO - \U0001f4e5 Iniciando etapa de Extração...
2026-03-21 20:36:51,948 - INFO - \U0001f6e0\ufe0f Iniciando etapa de Transformação...
2026-03-21 20:36:51,966 - INFO - \u26a1 Banco detectado! Pulando processamento pesado do dólar e lendo tabela pronta...
2026-03-21 20:36:51,995 - INFO - \U0001f9e0 Iniciando processamento de Machine Learning...
2026-03-21 20:36:52,372 - INFO - \U0001f4be Iniciando etapa de Carga no DuckDB...
2026-03-21 20:36:52,392 - INFO - Tabela 'produtos' recriada com sucesso (Replace).
2026-03-21 20:36:52,395 - INFO - Tabela 'clientes' recriada com sucesso (Replace).
2026-03-21 20:36:52,398 - INFO - Tabela 'custo_importacoes' recriada com sucesso (Replace).
2026-03-21 20:36:52,405 - INFO - Tabela 'vendas' recriada com sucesso (Replace).
2026-03-21 20:36:52,409 - INFO - Tabela 'ia_previsao_demanda' recriada com sucesso (Replace).
2026-03-21 20:36:52,423 - INFO - Tabela 'ia_matriz_recomendacoes' recriada com sucesso (Replace).
2026-03-21 20:36:52,488 - INFO - \u2705 Pipeline executado com sucesso!
2026-03-21 20:36:52,488 - INFO - \U0001f4ca Gerando painéis visuais a partir do banco atualizado...
2026-03-21 20:36:54,522 - INFO - \U0001f3a8 Todas as imagens foram salvas na pasta: data/visualizations
2026-03-21 20:36:54,522 - INFO - \u2705 Pipeline executado com sucesso!
2026-03-21 20:37:41,780 - INFO - \U0001f680 Iniciando o Pipeline de Dados...
2026-03-21 20:37:41,780 - INFO - \U0001f4e5 Iniciando etapa de Extração...
2026-03-21 20:37:41,797 - INFO - \U0001f6e0\ufe0f Iniciando etapa de Transformação...
2026-03-21 20:37:41,815 - INFO - \u26a1 Banco detectado! Pulando processamento pesado do dólar e lendo tabela pronta...
2026-03-21 20:37:41,844 - INFO - \U0001f9e0 Iniciando processamento de Machine Learning...
2026-03-21 20:37:42,226 - INFO - \U0001f4be Iniciando etapa de Carga no DuckDB...
2026-03-21 20:37:42,246 - INFO - Tabela 'produtos' recriada com sucesso (Replace).
2026-03-21 20:37:42,249 - INFO - Tabela 'clientes' recriada com sucesso (Replace).
2026-03-21 20:37:42,252 - INFO - Tabela 'custo_importacoes' recriada com sucesso (Replace).
2026-03-21 20:37:42,259 - INFO - Tabela 'vendas' recriada com sucesso (Replace).
2026-03-21 20:37:42,263 - INFO - Tabela 'ia_previsao_demanda' recriada com sucesso (Replace).
2026-03-21 20:37:42,278 - INFO - Tabela 'ia_matriz_recomendacoes' recriada com sucesso (Replace).
2026-03-21 20:37:42,346 - INFO - \u2705 Pipeline executado com sucesso!
2026-03-21 20:37:42,346 - INFO - \U0001f4ca Gerando painéis visuais a partir do banco atualizado...
2026-03-21 20:37:44,374 - INFO - \U0001f3a8 Todas as imagens foram salvas na pasta: data/visualizations
2026-03-21 20:37:44,374 - INFO - \u2705 Pipeline executado com sucesso!
2026-03-21 20:38:03,140 - INFO - \U0001f680 Iniciando o Pipeline de Dados...
2026-03-21 20:38:03,140 - INFO - \U0001f4e5 Iniciando etapa de Extração...
2026-03-21 20:38:03,157 - INFO - \U0001f6e0\ufe0f Iniciando etapa de Transformação...
2026-03-21 20:38:03,176 - INFO - \u26a1 Banco detectado! Pulando processamento pesado do dólar e lendo tabela pronta...
2026-03-21 20:38:03,205 - INFO - \U0001f9e0 Iniciando processamento de Machine Learning...
2026-03-21 20:38:03,582 - INFO - \U0001f4be Iniciando etapa de Carga no DuckDB...
2026-03-21 20:38:03,602 - INFO - Tabela 'produtos' recriada com sucesso (Replace).
2026-03-21 20:38:03,605 - INFO - Tabela 'clientes' recriada com sucesso (Replace).
2026-03-21 20:38:03,608 - INFO - Tabela 'custo_importacoes' recriada com sucesso (Replace).
2026-03-21 20:38:03,614 - INFO - Tabela 'vendas' recriada com sucesso (Replace).
2026-03-21 20:38:03,621 - INFO - Tabela 'ia_previsao_demanda' recriada com sucesso (Replace).
2026-03-21 20:38:03,636 - INFO - Tabela 'ia_matriz_recomendacoes' recriada com sucesso (Replace).
2026-03-21 20:38:03,705 - INFO - \u2705 Pipeline executado com sucesso!
2026-03-21 20:38:03,705 - INFO - \U0001f4ca Gerando painéis visuais a partir do banco atualizado...
2026-03-21 20:38:30,998 - INFO - \U0001f680 Iniciando o Pipeline de Dados...
2026-03-21 20:38:30,998 - INFO - \U0001f4e5 Iniciando etapa de Extração...
2026-03-21 20:38:31,015 - INFO - \U0001f6e0\ufe0f Iniciando etapa de Transformação...
2026-03-21 20:38:31,035 - INFO - \u26a1 Banco detectado! Pulando processamento pesado do dólar e lendo tabela pronta...
2026-03-21 20:38:31,064 - INFO - \U0001f9e0 Iniciando processamento de Machine Learning...
2026-03-21 20:38:31,445 - INFO - \U0001f4be Iniciando etapa de Carga no DuckDB...
2026-03-21 20:38:31,465 - INFO - Tabela 'produtos' recriada com sucesso (Replace).
2026-03-21 20:38:31,468 - INFO - Tabela 'clientes' recriada com sucesso (Replace).
2026-03-21 20:38:31,471 - INFO - Tabela 'custo_importacoes' recriada com sucesso (Replace).
2026-03-21 20:38:31,478 - INFO - Tabela 'vendas' recriada com sucesso (Replace).
2026-03-21 20:38:31,482 - INFO - Tabela 'ia_previsao_demanda' recriada com sucesso (Replace).
2026-03-21 20:38:31,498 - INFO - Tabela 'ia_matriz_recomendacoes' recriada com sucesso (Replace).
2026-03-21 20:38:31,567 - INFO - \u2705 Pipeline executado com sucesso!
2026-03-21 20:38:31,567 - INFO - \U0001f4ca Gerando painéis visuais a partir do banco atualizado...
2026-03-21 20:38:33,616 - INFO - \U0001f3a8 Todas as imagens foram salvas na pasta: data/visualizations
2026-03-21 20:38:33,617 - INFO - \u2705 Pipeline executado com sucesso!
2026-03-21 20:38:55,541 - INFO - \U0001f680 Iniciando o Pipeline de Dados...
2026-03-21 20:38:55,541 - INFO - \U0001f4e5 Iniciando etapa de Extração...
2026-03-21 20:38:55,558 - INFO - \U0001f6e0\ufe0f Iniciando etapa de Transformação...
2026-03-21 20:38:55,576 - INFO - \u26a1 Banco detectado! Pulando processamento pesado do dólar e lendo tabela pronta...
2026-03-21 20:38:55,602 - INFO - \U0001f9e0 Iniciando processamento de Machine Learning...
2026-03-21 20:38:55,977 - INFO - \U0001f4be Iniciando etapa de Carga no DuckDB...
2026-03-21 20:38:55,997 - INFO - Tabela 'produtos' recriada com sucesso (Replace).
2026-03-21 20:38:56,000 - INFO - Tabela 'clientes' recriada com sucesso (Replace).
2026-03-21 20:38:56,002 - INFO - Tabela 'custo_importacoes' recriada com sucesso (Replace).
2026-03-21 20:38:56,009 - INFO - Tabela 'vendas' recriada com sucesso (Replace).
2026-03-21 20:38:56,013 - INFO - Tabela 'ia_previsao_demanda' recriada com sucesso (Replace).
2026-03-21 20:38:56,028 - INFO - Tabela 'ia_matriz_recomendacoes' recriada com sucesso (Replace).
2026-03-21 20:38:56,101 - INFO - \u2705 Pipeline executado com sucesso!
2026-03-21 20:38:56,102 - INFO - \U0001f4ca Gerando painéis visuais a partir do banco atualizado...
2026-03-21 20:38:58,166 - INFO - \U0001f3a8 Todas as imagens foram salvas na pasta: data/visualizations
2026-03-21 20:38:58,167 - INFO - \u2705 Pipeline executado com sucesso!
2026-03-21 20:39:37,912 - INFO - \U0001f680 Iniciando o Pipeline de Dados...
2026-03-21 20:39:37,913 - INFO - \U0001f4e5 Iniciando etapa de Extração...
2026-03-21 20:39:37,930 - INFO - \U0001f6e0\ufe0f Iniciando etapa de Transformação...
2026-03-21 20:39:37,948 - INFO - \u26a1 Banco detectado! Pulando processamento pesado do dólar e lendo tabela pronta...
2026-03-21 20:39:37,975 - INFO - \U0001f9e0 Iniciando processamento de Machine Learning...
2026-03-21 20:39:38,355 - INFO - \U0001f4be Iniciando etapa de Carga no DuckDB...
2026-03-21 20:39:38,377 - INFO - Tabela 'produtos' recriada com sucesso (Replace).
2026-03-21 20:39:38,380 - INFO - Tabela 'clientes' recriada com sucesso (Replace).
2026-03-21 20:39:38,383 - INFO - Tabela 'custo_importacoes' recriada com sucesso (Replace).
2026-03-21 20:39:38,390 - INFO - Tabela 'vendas' recriada com sucesso (Replace).
2026-03-21 20:39:38,395 - INFO - Tabela 'ia_previsao_demanda' recriada com sucesso (Replace).
2026-03-21 20:39:38,409 - INFO - Tabela 'ia_matriz_recomendacoes' recriada com sucesso (Replace).
2026-03-21 20:39:38,477 - INFO - \u2705 Pipeline executado com sucesso!
2026-03-21 20:39:38,477 - INFO - \U0001f4ca Gerando painéis visuais a partir do banco atualizado...
2026-03-21 20:39:40,568 - INFO - \U0001f3a8 Todas as imagens foram salvas na pasta: data/visualizations
2026-03-21 20:39:40,569 - INFO - \u2705 Pipeline executado com sucesso!
2026-03-21 20:40:42,045 - INFO - \U0001f680 Iniciando o Pipeline de Dados...
2026-03-21 20:40:42,045 - INFO - \U0001f4e5 Iniciando etapa de Extração...
2026-03-21 20:40:42,063 - INFO - \U0001f6e0\ufe0f Iniciando etapa de Transformação...
2026-03-21 20:40:42,081 - INFO - \u26a1 Banco detectado! Pulando processamento pesado do dólar e lendo tabela pronta...
2026-03-21 20:40:42,109 - INFO - \U0001f9e0 Iniciando processamento de Machine Learning...
2026-03-21 20:40:42,490 - INFO - \U0001f4be Iniciando etapa de Carga no DuckDB...
2026-03-21 20:40:42,511 - INFO - Tabela 'produtos' recriada com sucesso (Replace).
2026-03-21 20:40:42,515 - INFO - Tabela 'clientes' recriada com sucesso (Replace).
2026-03-21 20:40:42,518 - INFO - Tabela 'custo_importacoes' recriada com sucesso (Replace).
2026-03-21 20:40:42,525 - INFO - Tabela 'vendas' recriada com sucesso (Replace).
2026-03-21 20:40:42,530 - INFO - Tabela 'ia_previsao_demanda' recriada com sucesso (Replace).
2026-03-21 20:40:42,545 - INFO - Tabela 'ia_matriz_recomendacoes' recriada com sucesso (Replace).
2026-03-21 20:40:42,630 - INFO - \u2705 Pipeline executado com sucesso!
2026-03-21 20:40:42,630 - INFO - \U0001f4ca Gerando painéis visuais a partir do banco atualizado...
2026-03-21 20:40:44,874 - INFO - \U0001f3a8 Todas as imagens foram salvas na pasta: data/visualizations
2026-03-21 20:40:44,874 - INFO - \u2705 Pipeline executado com sucesso!
2026-03-21 20:41:18,548 - INFO - \U0001f680 Iniciando o Pipeline de Dados...
2026-03-21 20:41:18,548 - INFO - \U0001f4e5 Iniciando etapa de Extração...
2026-03-21 20:41:18,567 - INFO - \U0001f6e0\ufe0f Iniciando etapa de Transformação...
2026-03-21 20:41:18,586 - INFO - \u26a1 Banco detectado! Pulando processamento pesado do dólar e lendo tabela pronta...
2026-03-21 20:41:18,619 - INFO - \U0001f9e0 Iniciando processamento de Machine Learning...
2026-03-21 20:41:19,180 - INFO - \U0001f4be Iniciando etapa de Carga no DuckDB...
2026-03-21 20:41:19,215 - INFO - Tabela 'produtos' recriada com sucesso (Replace).
2026-03-21 20:41:19,222 - INFO - Tabela 'clientes' recriada com sucesso (Replace).
2026-03-21 20:41:19,227 - INFO - Tabela 'custo_importacoes' recriada com sucesso (Replace).
2026-03-21 20:41:19,249 - INFO - Tabela 'vendas' recriada com sucesso (Replace).
2026-03-21 20:41:19,260 - INFO - Tabela 'ia_previsao_demanda' recriada com sucesso (Replace).
2026-03-21 20:41:19,293 - INFO - Tabela 'ia_matriz_recomendacoes' recriada com sucesso (Replace).
2026-03-21 20:41:19,414 - INFO - \u2705 Pipeline executado com sucesso!
2026-03-21 20:41:19,414 - INFO - \U0001f4ca Gerando painéis visuais a partir do banco atualizado...
2026-03-21 20:41:21,839 - INFO - \U0001f3a8 Todas as imagens foram salvas na pasta: data/visualizations
2026-03-21 20:41:21,839 - INFO - \u2705 Pipeline executado com sucesso!
2026-03-21 20:43:23,162 - INFO - \U0001f680 Iniciando o Pipeline de Dados...
2026-03-21 20:43:23,162 - INFO - \U0001f4e5 Iniciando etapa de Extração...
2026-03-21 20:43:23,180 - INFO - \U0001f6e0\ufe0f Iniciando etapa de Transformação...
2026-03-21 20:43:23,200 - INFO - \u26a1 Banco detectado! Pulando processamento pesado do dólar e lendo tabela pronta...
2026-03-21 20:43:23,229 - INFO - \U0001f9e0 Iniciando processamento de Machine Learning...
2026-03-21 20:43:23,630 - INFO - \U0001f4be Iniciando etapa de Carga no DuckDB...
2026-03-21 20:43:23,653 - INFO - Tabela 'produtos' recriada com sucesso (Replace).
2026-03-21 20:43:23,656 - INFO - Tabela 'clientes' recriada com sucesso (Replace).
2026-03-21 20:43:23,659 - INFO - Tabela 'custo_importacoes' recriada com sucesso (Replace).
2026-03-21 20:43:23,667 - INFO - Tabela 'vendas' recriada com sucesso (Replace).
2026-03-21 20:43:23,672 - INFO - Tabela 'ia_previsao_demanda' recriada com sucesso (Replace).
2026-03-21 20:43:23,687 - INFO - Tabela 'ia_matriz_recomendacoes' recriada com sucesso (Replace).
2026-03-21 20:43:23,761 - INFO - \u2705 Pipeline executado com sucesso!
2026-03-21 20:43:23,761 - INFO - \U0001f4ca Gerando painéis visuais a partir do banco atualizado...
2026-03-21 20:43:26,064 - INFO - \U0001f3a8 Todas as imagens foram salvas na pasta: data/visualizations
2026-03-21 20:43:26,065 - INFO - \u2705 Pipeline executado com sucesso!
2026-03-21 20:44:45,622 - INFO - \U0001f680 Iniciando o Pipeline de Dados...
2026-03-21 20:44:45,622 - INFO - \U0001f4e5 Iniciando etapa de Extração...
2026-03-21 20:44:45,640 - INFO - \U0001f6e0\ufe0f Iniciando etapa de Transformação...
2026-03-21 20:44:45,658 - INFO - \u26a1 Banco detectado! Pulando processamento pesado do dólar e lendo tabela pronta...
2026-03-21 20:44:45,687 - INFO - \U0001f9e0 Iniciando processamento de Machine Learning...
2026-03-21 20:44:46,069 - INFO - \U0001f4be Iniciando etapa de Carga no DuckDB...
2026-03-21 20:44:46,092 - INFO - Tabela 'produtos' recriada com sucesso (Replace).
2026-03-21 20:44:46,095 - INFO - Tabela 'clientes' recriada com sucesso (Replace).
2026-03-21 20:44:46,098 - INFO - Tabela 'custo_importacoes' recriada com sucesso (Replace).
2026-03-21 20:44:46,106 - INFO - Tabela 'vendas' recriada com sucesso (Replace).
2026-03-21 20:44:46,112 - INFO - Tabela 'ia_previsao_demanda' recriada com sucesso (Replace).
2026-03-21 20:44:46,133 - INFO - Tabela 'ia_matriz_recomendacoes' recriada com sucesso (Replace).
2026-03-21 20:44:46,229 - INFO - \u2705 Pipeline executado com sucesso!
2026-03-21 20:44:46,229 - INFO - \U0001f4ca Gerando painéis visuais a partir do banco atualizado...
2026-03-21 20:44:48,325 - INFO - \U0001f3a8 Todas as imagens foram salvas na pasta: data/visualizations
2026-03-21 20:44:48,325 - INFO - \u2705 Pipeline executado com sucesso!
2026-03-21 20:46:48,389 - INFO - \U0001f680 Iniciando o Pipeline de Dados...
2026-03-21 20:46:48,390 - INFO - \U0001f4e5 Iniciando etapa de Extração...
2026-03-21 20:46:48,408 - INFO - \U0001f6e0\ufe0f Iniciando etapa de Transformação...
2026-03-21 20:46:48,427 - INFO - \u26a1 Banco detectado! Pulando processamento pesado do dólar e lendo tabela pronta...
2026-03-21 20:46:48,454 - INFO - \U0001f9e0 Iniciando processamento de Machine Learning...
2026-03-21 20:46:48,838 - INFO - \U0001f4be Iniciando etapa de Carga no DuckDB...
2026-03-21 20:46:48,858 - INFO - Tabela 'produtos' recriada com sucesso (Replace).
2026-03-21 20:46:48,861 - INFO - Tabela 'clientes' recriada com sucesso (Replace).
2026-03-21 20:46:48,865 - INFO - Tabela 'custo_importacoes' recriada com sucesso (Replace).
2026-03-21 20:46:48,872 - INFO - Tabela 'vendas' recriada com sucesso (Replace).
2026-03-21 20:46:48,876 - INFO - Tabela 'ia_previsao_demanda' recriada com sucesso (Replace).
2026-03-21 20:46:48,891 - INFO - Tabela 'ia_matriz_recomendacoes' recriada com sucesso (Replace).
2026-03-21 20:46:48,964 - INFO - \u2705 Pipeline executado com sucesso!
2026-03-21 20:46:48,964 - INFO - \U0001f4ca Gerando painéis visuais a partir do banco atualizado...
2026-03-21 20:46:51,135 - INFO - \U0001f3a8 Todas as imagens foram salvas na pasta: data/visualizations
2026-03-21 20:46:51,135 - INFO - \u2705 Pipeline executado com sucesso!
2026-03-21 20:47:23,793 - INFO - \U0001f680 Iniciando o Pipeline de Dados...
2026-03-21 20:47:23,793 - INFO - \U0001f4e5 Iniciando etapa de Extração...
2026-03-21 20:47:23,810 - INFO - \U0001f6e0\ufe0f Iniciando etapa de Transformação...
2026-03-21 20:47:23,828 - INFO - \u26a1 Banco detectado! Pulando processamento pesado do dólar e lendo tabela pronta...
2026-03-21 20:47:23,857 - INFO - \U0001f9e0 Iniciando processamento de Machine Learning...
2026-03-21 20:47:24,242 - INFO - \U0001f4be Iniciando etapa de Carga no DuckDB...
2026-03-21 20:47:24,262 - INFO - Tabela 'produtos' recriada com sucesso (Replace).
2026-03-21 20:47:24,265 - INFO - Tabela 'clientes' recriada com sucesso (Replace).
2026-03-21 20:47:24,268 - INFO - Tabela 'custo_importacoes' recriada com sucesso (Replace).
2026-03-21 20:47:24,275 - INFO - Tabela 'vendas' recriada com sucesso (Replace).
2026-03-21 20:47:24,280 - INFO - Tabela 'ia_previsao_demanda' recriada com sucesso (Replace).
2026-03-21 20:47:24,295 - INFO - Tabela 'ia_matriz_recomendacoes' recriada com sucesso (Replace).
2026-03-21 20:47:24,362 - INFO - \u2705 Pipeline executado com sucesso!
2026-03-21 20:47:24,363 - INFO - \U0001f4ca Gerando painéis visuais a partir do banco atualizado...
2026-03-21 20:47:26,449 - INFO - \U0001f3a8 Todas as imagens foram salvas na pasta: data/visualizations
2026-03-21 20:47:26,450 - INFO - \u2705 Pipeline executado com sucesso!
2026-03-21 20:48:55,524 - INFO - \U0001f680 Iniciando o Pipeline de Dados...
2026-03-21 20:48:55,524 - INFO - \U0001f4e5 Iniciando etapa de Extração...
2026-03-21 20:48:55,541 - INFO - \U0001f6e0\ufe0f Iniciando etapa de Transformação...
2026-03-21 20:48:55,560 - INFO - \u26a1 Banco detectado! Pulando processamento pesado do dólar e lendo tabela pronta...
2026-03-21 20:49:07,212 - INFO - \U0001f680 Iniciando o Pipeline de Dados...
2026-03-21 20:49:07,212 - INFO - \U0001f4e5 Iniciando etapa de Extração...
2026-03-21 20:49:07,230 - INFO - \U0001f6e0\ufe0f Iniciando etapa de Transformação...
2026-03-21 20:49:07,249 - INFO - \u26a1 Banco detectado! Pulando processamento pesado do dólar e lendo tabela pronta...
2026-03-21 20:49:23,660 - INFO - \U0001f680 Iniciando o Pipeline de Dados...
2026-03-21 20:49:23,660 - INFO - \U0001f4e5 Iniciando etapa de Extração...
2026-03-21 20:49:23,678 - INFO - \U0001f6e0\ufe0f Iniciando etapa de Transformação...
2026-03-21 20:49:23,697 - INFO - \u26a1 Banco detectado! Pulando processamento pesado do dólar e lendo tabela pronta...
2026-03-21 20:49:51,411 - INFO - \U0001f680 Iniciando o Pipeline de Dados...
2026-03-21 20:49:51,411 - INFO - \U0001f4e5 Iniciando etapa de Extração...
2026-03-21 20:49:51,428 - INFO - \U0001f6e0\ufe0f Iniciando etapa de Transformação...
2026-03-21 20:49:51,446 - INFO - \u26a1 Banco detectado! Pulando processamento pesado do dólar e lendo tabela pronta...
2026-03-21 20:50:00,671 - INFO - \U0001f680 Iniciando o Pipeline de Dados...
2026-03-21 20:50:00,671 - INFO - \U0001f4e5 Iniciando etapa de Extração...
2026-03-21 20:50:00,689 - INFO - \U0001f6e0\ufe0f Iniciando etapa de Transformação...
2026-03-21 20:50:00,708 - INFO - \u26a1 Banco detectado! Pulando processamento pesado do dólar e lendo tabela pronta...
2026-03-21 20:50:00,740 - INFO - \U0001f9e0 Iniciando processamento de Machine Learning...
2026-03-21 20:50:01,123 - INFO - \U0001f4be Iniciando etapa de Carga no DuckDB...
2026-03-21 20:50:01,144 - INFO - Tabela 'produtos' recriada com sucesso (Replace).
2026-03-21 20:50:01,147 - INFO - Tabela 'clientes' recriada com sucesso (Replace).
2026-03-21 20:50:01,150 - INFO - Tabela 'custo_importacoes' recriada com sucesso (Replace).
2026-03-21 20:50:01,157 - INFO - Tabela 'vendas' recriada com sucesso (Replace).
2026-03-21 20:50:01,162 - INFO - Tabela 'ia_previsao_demanda' recriada com sucesso (Replace).
2026-03-21 20:50:01,177 - INFO - Tabela 'ia_matriz_recomendacoes' recriada com sucesso (Replace).
2026-03-21 20:50:01,247 - INFO - \u2705 Pipeline executado com sucesso!
2026-03-21 20:50:01,247 - INFO - \U0001f4ca Gerando painéis visuais a partir do banco atualizado...
2026-03-21 20:50:03,400 - INFO - \U0001f3a8 Todas as imagens foram salvas na pasta: data/visualizations
2026-03-21 20:50:03,400 - INFO - \u2705 Pipeline executado com sucesso!
2026-03-21 20:52:02,625 - INFO - \U0001f680 Iniciando o Pipeline de Dados...
2026-03-21 20:52:02,626 - INFO - \U0001f4e5 Iniciando etapa de Extração...
2026-03-21 20:52:02,645 - INFO - \U0001f6e0\ufe0f Iniciando etapa de Transformação...
2026-03-21 20:52:02,665 - INFO - \u26a1 Banco detectado! Pulando processamento pesado do dólar e lendo tabela pronta...
2026-03-21 20:52:02,693 - INFO - \U0001f9e0 Iniciando processamento de Machine Learning...
2026-03-21 20:52:03,073 - INFO - \U0001f4be Iniciando etapa de Carga no DuckDB...
2026-03-21 20:52:03,093 - INFO - Tabela 'produtos' recriada com sucesso (Replace).
2026-03-21 20:52:03,096 - INFO - Tabela 'clientes' recriada com sucesso (Replace).
2026-03-21 20:52:03,099 - INFO - Tabela 'custo_importacoes' recriada com sucesso (Replace).
2026-03-21 20:52:03,107 - INFO - Tabela 'vendas' recriada com sucesso (Replace).
2026-03-21 20:52:03,112 - INFO - Tabela 'ia_previsao_demanda' recriada com sucesso (Replace).
2026-03-21 20:52:03,126 - INFO - Tabela 'ia_matriz_recomendacoes' recriada com sucesso (Replace).
2026-03-21 20:52:03,197 - INFO - \u2705 Pipeline executado com sucesso!
2026-03-21 20:52:03,197 - INFO - \U0001f4ca Gerando painéis visuais a partir do banco atualizado...
2026-03-21 20:52:05,278 - INFO - \U0001f3a8 Todas as imagens foram salvas na pasta: data/visualizations
2026-03-21 20:52:05,279 - INFO - \u2705 Pipeline executado com sucesso!
2026-03-21 20:52:25,127 - INFO - \U0001f680 Iniciando o Pipeline de Dados...
2026-03-21 20:52:25,127 - INFO - \U0001f4e5 Iniciando etapa de Extração...
2026-03-21 20:52:25,145 - INFO - \U0001f6e0\ufe0f Iniciando etapa de Transformação...
2026-03-21 20:52:25,164 - INFO - \u26a1 Banco detectado! Pulando processamento pesado do dólar e lendo tabela pronta...
2026-03-21 20:52:25,194 - INFO - \U0001f9e0 Iniciando processamento de Machine Learning...
2026-03-21 20:52:25,586 - INFO - \U0001f4be Iniciando etapa de Carga no DuckDB...
2026-03-21 20:52:25,608 - INFO - Tabela 'produtos' recriada com sucesso (Replace).
2026-03-21 20:52:25,611 - INFO - Tabela 'clientes' recriada com sucesso (Replace).
2026-03-21 20:52:25,614 - INFO - Tabela 'custo_importacoes' recriada com sucesso (Replace).
2026-03-21 20:52:25,622 - INFO - Tabela 'vendas' recriada com sucesso (Replace).
2026-03-21 20:52:25,627 - INFO - Tabela 'ia_previsao_demanda' recriada com sucesso (Replace).
2026-03-21 20:52:25,644 - INFO - Tabela 'ia_matriz_recomendacoes' recriada com sucesso (Replace).
2026-03-21 20:52:25,715 - INFO - \u2705 Pipeline executado com sucesso!
2026-03-21 20:52:25,715 - INFO - \U0001f4ca Gerando painéis visuais a partir do banco atualizado...
2026-03-21 20:52:27,851 - INFO - \U0001f3a8 Todas as imagens foram salvas na pasta: data/visualizations
2026-03-21 20:52:27,851 - INFO - \u2705 Pipeline executado com sucesso!
2026-03-21 20:52:55,665 - INFO - \U0001f680 Iniciando o Pipeline de Dados...
2026-03-21 20:52:55,665 - INFO - \U0001f4e5 Iniciando etapa de Extração...
2026-03-21 20:52:55,683 - INFO - \U0001f6e0\ufe0f Iniciando etapa de Transformação...
2026-03-21 20:52:55,702 - INFO - \u26a1 Banco detectado! Pulando processamento pesado do dólar e lendo tabela pronta...
2026-03-21 20:52:55,730 - INFO - \U0001f9e0 Iniciando processamento de Machine Learning...
2026-03-21 20:52:56,122 - INFO - \U0001f4be Iniciando etapa de Carga no DuckDB...
2026-03-21 20:52:56,143 - INFO - Tabela 'produtos' recriada com sucesso (Replace).
2026-03-21 20:52:56,146 - INFO - Tabela 'clientes' recriada com sucesso (Replace).
2026-03-21 20:52:56,150 - INFO - Tabela 'custo_importacoes' recriada com sucesso (Replace).
2026-03-21 20:52:56,157 - INFO - Tabela 'vendas' recriada com sucesso (Replace).
2026-03-21 20:52:56,161 - INFO - Tabela 'ia_previsao_demanda' recriada com sucesso (Replace).
2026-03-21 20:52:56,177 - INFO - Tabela 'ia_matriz_recomendacoes' recriada com sucesso (Replace).
2026-03-21 20:52:56,248 - INFO - \u2705 Pipeline executado com sucesso!
2026-03-21 20:52:56,248 - INFO - \U0001f4ca Gerando painéis visuais a partir do banco atualizado...
2026-03-21 20:52:58,455 - INFO - \U0001f3a8 Todas as imagens foram salvas na pasta: data/visualizations
2026-03-21 20:52:58,455 - INFO - \u2705 Pipeline executado com sucesso!
2026-03-21 21:24:28,130 - INFO - \U0001f680 Iniciando o Pipeline de Dados...
2026-03-21 21:24:28,147 - INFO - \U0001f4e5 Iniciando etapa de Extração...
2026-03-21 21:24:28,207 - INFO - \U0001f6e0\ufe0f Iniciando etapa de Transformação...
2026-03-21 21:24:28,233 - INFO - \u26a1 Banco detectado! Pulando processamento pesado do dólar e lendo tabela pronta...
2026-03-21 21:24:28,351 - INFO - \U0001f9e0 Iniciando processamento de Machine Learning...
2026-03-21 21:24:28,802 - INFO - \U0001f4be Iniciando etapa de Carga no DuckDB...
2026-03-21 21:24:28,847 - INFO - Tabela 'produtos' recriada com sucesso (Replace).
2026-03-21 21:24:28,852 - INFO - Tabela 'clientes' recriada com sucesso (Replace).
2026-03-21 21:24:28,857 - INFO - Tabela 'custo_importacoes' recriada com sucesso (Replace).
2026-03-21 21:24:28,866 - INFO - Tabela 'vendas' recriada com sucesso (Replace).
2026-03-21 21:24:28,873 - INFO - Tabela 'ia_previsao_demanda' recriada com sucesso (Replace).
2026-03-21 21:24:28,889 - INFO - Tabela 'ia_matriz_recomendacoes' recriada com sucesso (Replace).
2026-03-21 21:24:28,973 - INFO - \u2705 Pipeline executado com sucesso!
2026-03-21 21:24:28,973 - INFO - \U0001f4ca Gerando painéis visuais a partir do banco atualizado...
2026-03-21 21:24:32,362 - INFO - \U0001f3a8 Todas as imagens foram salvas na pasta: data/visualizations
2026-03-21 21:24:32,362 - INFO - \u2705 Pipeline executado com sucesso!
2026-03-22 00:34:42,446 - INFO - \U0001f680 Iniciando o Pipeline de Dados...
2026-03-22 00:34:42,446 - INFO - \U0001f4e5 Iniciando etapa de Extração...
2026-03-22 00:34:42,516 - INFO - \U0001f6e0\ufe0f Iniciando etapa de Transformação...
2026-03-22 00:34:42,538 - INFO - \u26a1 Banco detectado! Pulando processamento pesado do dólar e lendo tabela pronta...
2026-03-22 00:34:49,656 - INFO - \U0001f680 Iniciando o Pipeline de Dados...
2026-03-22 00:34:49,657 - INFO - \U0001f4e5 Iniciando etapa de Extração...
2026-03-22 00:34:49,675 - INFO - \U0001f6e0\ufe0f Iniciando etapa de Transformação...
2026-03-22 00:34:49,704 - INFO - \u26a1 Banco detectado! Pulando processamento pesado do dólar e lendo tabela pronta...
2026-03-22 00:34:58,040 - INFO - \U0001f680 Iniciando o Pipeline de Dados...
2026-03-22 00:34:58,040 - INFO - \U0001f4e5 Iniciando etapa de Extração...
2026-03-22 00:34:58,057 - INFO - \U0001f6e0\ufe0f Iniciando etapa de Transformação...
2026-03-22 00:34:58,076 - INFO - \u26a1 Banco detectado! Pulando processamento pesado do dólar e lendo tabela pronta...
2026-03-22 00:34:58,156 - INFO - \U0001f9e0 Iniciando processamento de Machine Learning...
2026-03-22 00:34:58,543 - INFO - \U0001f4be Iniciando etapa de Carga no DuckDB...
2026-03-22 00:34:58,568 - INFO - Tabela 'produtos' recriada com sucesso (Replace).
2026-03-22 00:34:58,571 - INFO - Tabela 'clientes' recriada com sucesso (Replace).
2026-03-22 00:34:58,574 - INFO - Tabela 'custo_importacoes' recriada com sucesso (Replace).
2026-03-22 00:34:58,581 - INFO - Tabela 'vendas' recriada com sucesso (Replace).
2026-03-22 00:34:58,585 - INFO - Tabela 'ia_previsao_demanda' recriada com sucesso (Replace).
2026-03-22 00:34:58,601 - INFO - Tabela 'ia_matriz_recomendacoes' recriada com sucesso (Replace).
2026-03-22 00:34:58,669 - INFO - \u2705 Pipeline executado com sucesso!
2026-03-22 00:34:58,669 - INFO - \U0001f4ca Gerando painéis visuais a partir do banco atualizado...
2026-03-22 00:35:01,462 - INFO - \U0001f3a8 Todas as imagens foram salvas na pasta: data/visualizations
2026-03-22 00:35:01,462 - INFO - \u2705 Pipeline executado com sucesso!
2026-03-22 00:35:44,463 - INFO - \U0001f680 Iniciando o Pipeline de Dados...
2026-03-22 00:35:44,463 - INFO - \U0001f4e5 Iniciando etapa de Extração...
2026-03-22 00:35:44,482 - INFO - \U0001f6e0\ufe0f Iniciando etapa de Transformação...
2026-03-22 00:35:44,501 - INFO - \u26a1 Banco detectado! Pulando processamento pesado do dólar e lendo tabela pronta...
2026-03-22 00:35:44,528 - INFO - \U0001f9e0 Iniciando processamento de Machine Learning...
2026-03-22 00:35:44,906 - INFO - \U0001f4be Iniciando etapa de Carga no DuckDB...
2026-03-22 00:35:44,927 - INFO - Tabela 'produtos' recriada com sucesso (Replace).
2026-03-22 00:35:44,929 - INFO - Tabela 'clientes' recriada com sucesso (Replace).
2026-03-22 00:35:44,932 - INFO - Tabela 'custo_importacoes' recriada com sucesso (Replace).
2026-03-22 00:35:44,939 - INFO - Tabela 'vendas' recriada com sucesso (Replace).
2026-03-22 00:35:44,944 - INFO - Tabela 'ia_previsao_demanda' recriada com sucesso (Replace).
2026-03-22 00:35:44,958 - INFO - Tabela 'ia_matriz_recomendacoes' recriada com sucesso (Replace).
2026-03-22 00:35:45,022 - INFO - \u2705 Pipeline executado com sucesso!
2026-03-22 00:35:45,023 - INFO - \U0001f4ca Gerando painéis visuais a partir do banco atualizado...
2026-03-22 00:35:47,798 - INFO - \U0001f3a8 Todas as imagens foram salvas na pasta: data/visualizations
2026-03-22 00:35:47,798 - INFO - \u2705 Pipeline executado com sucesso!
2026-03-22 13:34:11,185 - INFO - \U0001f680 Iniciando o Pipeline de Dados...
2026-03-22 13:34:11,186 - INFO - \U0001f4e5 Iniciando etapa de Extração...
2026-03-22 13:34:11,278 - INFO - \U0001f6e0\ufe0f Iniciando etapa de Transformação...
2026-03-22 13:34:11,302 - INFO - \u26a1 Banco detectado! Pulando processamento pesado do dólar e lendo tabela pronta...
2026-03-22 13:34:11,397 - INFO - \U0001f9e0 Iniciando processamento de Machine Learning...
2026-03-22 13:34:11,896 - INFO - \U0001f4be Iniciando etapa de Carga no DuckDB...
2026-03-22 13:34:11,926 - INFO - Tabela 'produtos' recriada com sucesso (Replace).
2026-03-22 13:34:11,930 - INFO - Tabela 'clientes' recriada com sucesso (Replace).
2026-03-22 13:34:11,934 - INFO - Tabela 'custo_importacoes' recriada com sucesso (Replace).
2026-03-22 13:34:11,942 - INFO - Tabela 'vendas' recriada com sucesso (Replace).
2026-03-22 13:34:11,948 - INFO - Tabela 'ia_previsao_demanda' recriada com sucesso (Replace).
2026-03-22 13:34:11,965 - INFO - Tabela 'ia_matriz_recomendacoes' recriada com sucesso (Replace).
2026-03-22 13:34:12,060 - INFO - \u2705 Pipeline executado com sucesso!
2026-03-22 13:34:12,060 - INFO - \U0001f4ca Gerando painéis visuais a partir do banco atualizado...
2026-03-22 13:34:15,885 - INFO - \U0001f3a8 Todas as imagens foram salvas na pasta: data/visualizations
2026-03-22 13:34:15,885 - INFO - \u2705 Pipeline executado com sucesso!
2026-03-22 13:35:51,704 - INFO - \U0001f680 Iniciando o Pipeline de Dados...
2026-03-22 13:35:51,704 - INFO - \U0001f4e5 Iniciando etapa de Extração...
2026-03-22 13:35:51,722 - INFO - \U0001f6e0\ufe0f Iniciando etapa de Transformação...
2026-03-22 13:35:51,741 - INFO - \u26a1 Banco detectado! Pulando processamento pesado do dólar e lendo tabela pronta...
2026-03-22 13:35:51,768 - INFO - \U0001f9e0 Iniciando processamento de Machine Learning...
2026-03-22 13:35:52,149 - INFO - \U0001f4be Iniciando etapa de Carga no DuckDB...
2026-03-22 13:35:52,169 - INFO - Tabela 'produtos' recriada com sucesso (Replace).
2026-03-22 13:35:52,172 - INFO - Tabela 'clientes' recriada com sucesso (Replace).
2026-03-22 13:35:52,176 - INFO - Tabela 'custo_importacoes' recriada com sucesso (Replace).
2026-03-22 13:35:52,183 - INFO - Tabela 'vendas' recriada com sucesso (Replace).
2026-03-22 13:35:52,187 - INFO - Tabela 'ia_previsao_demanda' recriada com sucesso (Replace).
2026-03-22 13:35:52,202 - INFO - Tabela 'ia_matriz_recomendacoes' recriada com sucesso (Replace).
2026-03-22 13:35:52,268 - INFO - \u2705 Pipeline executado com sucesso!
2026-03-22 13:35:52,268 - INFO - \U0001f4ca Gerando painéis visuais a partir do banco atualizado...
2026-03-22 13:35:55,007 - INFO - \U0001f3a8 Todas as imagens foram salvas na pasta: data/visualizations
2026-03-22 13:35:55,007 - INFO - \u2705 Pipeline executado com sucesso!
2026-03-22 13:41:12,628 - INFO - \U0001f680 Iniciando o Pipeline de Dados...
2026-03-22 13:41:12,628 - INFO - \U0001f4e5 Iniciando etapa de Extração...
2026-03-22 13:41:12,646 - INFO - \U0001f6e0\ufe0f Iniciando etapa de Transformação...
2026-03-22 13:41:12,665 - INFO - \u26a1 Banco detectado! Pulando processamento pesado do dólar e lendo tabela pronta...
2026-03-22 13:41:12,695 - INFO - \U0001f9e0 Iniciando processamento de Machine Learning...
2026-03-22 13:41:13,084 - INFO - \U0001f4be Iniciando etapa de Carga no DuckDB...
2026-03-22 13:41:13,105 - INFO - Tabela 'produtos' recriada com sucesso (Replace).
2026-03-22 13:41:13,108 - INFO - Tabela 'clientes' recriada com sucesso (Replace).
2026-03-22 13:41:13,111 - INFO - Tabela 'custo_importacoes' recriada com sucesso (Replace).
2026-03-22 13:41:13,118 - INFO - Tabela 'vendas' recriada com sucesso (Replace).
2026-03-22 13:41:13,122 - INFO - Tabela 'ia_previsao_demanda' recriada com sucesso (Replace).
2026-03-22 13:41:13,138 - INFO - Tabela 'ia_matriz_recomendacoes' recriada com sucesso (Replace).
2026-03-22 13:41:13,205 - INFO - \u2705 Pipeline executado com sucesso!
2026-03-22 13:41:13,205 - INFO - \U0001f4ca Gerando painéis visuais a partir do banco atualizado...
2026-03-22 13:41:15,978 - INFO - \U0001f3a8 Todas as imagens foram salvas na pasta: data/visualizations
2026-03-22 13:41:15,978 - INFO - \u2705 Pipeline executado com sucesso!
2026-03-22 13:57:48,222 - INFO - \U0001f680 Iniciando o Pipeline de Dados...
2026-03-22 13:57:48,222 - INFO - \U0001f4e5 Iniciando etapa de Extração...
2026-03-22 13:57:48,244 - INFO - \U0001f6e0\ufe0f Iniciando etapa de Transformação...
2026-03-22 13:57:48,267 - INFO - \u26a1 Banco detectado! Pulando processamento pesado do dólar e lendo tabela pronta...
2026-03-22 13:57:48,300 - INFO - \U0001f9e0 Iniciando processamento de Machine Learning...
2026-03-22 13:57:48,724 - INFO - \U0001f4be Iniciando etapa de Carga no DuckDB...
2026-03-22 13:57:48,749 - INFO - Tabela 'produtos' recriada com sucesso (Replace).
2026-03-22 13:57:48,754 - INFO - Tabela 'clientes' recriada com sucesso (Replace).
2026-03-22 13:57:48,757 - INFO - Tabela 'custo_importacoes' recriada com sucesso (Replace).
2026-03-22 13:57:48,765 - INFO - Tabela 'vendas' recriada com sucesso (Replace).
2026-03-22 13:57:48,771 - INFO - Tabela 'ia_previsao_demanda' recriada com sucesso (Replace).
2026-03-22 13:57:48,787 - INFO - Tabela 'ia_matriz_recomendacoes' recriada com sucesso (Replace).
2026-03-22 13:57:48,861 - INFO - \u2705 Pipeline executado com sucesso!
2026-03-22 13:57:48,861 - INFO - \U0001f4ca Gerando painéis visuais a partir do banco atualizado...
2026-03-22 13:57:51,941 - INFO - \U0001f3a8 Todas as imagens foram salvas na pasta: data/visualizations
2026-03-22 13:57:51,942 - INFO - \u2705 Pipeline executado com sucesso!
2026-03-22 13:59:36,019 - INFO - \U0001f680 Iniciando o Pipeline de Dados...
2026-03-22 13:59:36,019 - INFO - \U0001f4e5 Iniciando etapa de Extração...
2026-03-22 13:59:36,041 - INFO - \U0001f6e0\ufe0f Iniciando etapa de Transformação...
2026-03-22 13:59:36,059 - INFO - \u26a1 Banco detectado! Pulando processamento pesado do dólar e lendo tabela pronta...
2026-03-22 13:59:36,093 - INFO - \U0001f9e0 Iniciando processamento de Machine Learning...
2026-03-22 13:59:36,509 - INFO - \U0001f4be Iniciando etapa de Carga no DuckDB...
2026-03-22 13:59:36,534 - INFO - Tabela 'produtos' recriada com sucesso (Replace).
2026-03-22 13:59:36,539 - INFO - Tabela 'clientes' recriada com sucesso (Replace).
2026-03-22 13:59:36,543 - INFO - Tabela 'custo_importacoes' recriada com sucesso (Replace).
2026-03-22 13:59:36,552 - INFO - Tabela 'vendas' recriada com sucesso (Replace).
2026-03-22 13:59:36,557 - INFO - Tabela 'ia_previsao_demanda' recriada com sucesso (Replace).
2026-03-22 13:59:36,575 - INFO - Tabela 'ia_matriz_recomendacoes' recriada com sucesso (Replace).
2026-03-22 13:59:36,653 - INFO - \u2705 Pipeline executado com sucesso!
2026-03-22 13:59:36,653 - INFO - \U0001f4ca Gerando painéis visuais a partir do banco atualizado...
2026-03-22 13:59:39,678 - INFO - \U0001f3a8 Todas as imagens foram salvas na pasta: data/visualizations
2026-03-22 13:59:39,679 - INFO - \u2705 Pipeline executado com sucesso!
